Using pre-set license
Built from '2020.3/staging' branch; Version is '2020.3.10f1 (297d780c91bc) revision 2719096'; Using compiler version '192528614'; Build Type 'Release'
OS: 'Windows 10 Home; OS build 22000.675; Version 2009; 64bit' Language: 'en' Physical Memory: 7914 MB
BatchMode: 1, IsHumanControllingUs: 0, StartBugReporterOnCrash: 0, Is64bit: 1, IsPro: 0

 COMMAND LINE ARGUMENTS:
C:\Program Files\Unity\Hub\Editor\2018.4.34f1\Editor\Unity.exe
-adb2
-batchMode
-noUpm
-name
AssetImportWorker0
-projectPath
C:/Users/andal/Documents/GitHub/APUSH Final Project
-logFile
Logs/AssetImportWorker0.log
-srvPort
60772
Successfully changed project path to: C:/Users/andal/Documents/GitHub/APUSH Final Project
C:/Users/andal/Documents/GitHub/APUSH Final Project
Using Asset Import Pipeline V2.
Refreshing native plugins compatible for Editor in 48.90 ms, found 3 plugins.
Preloading 0 native plugins for Editor in 0.00 ms.
Initialize engine version: 2020.3.10f1 (297d780c91bc)
[Subsystems] Discovering subsystems at path C:/Program Files/Unity/Hub/Editor/2018.4.34f1/Editor/Data/Resources/UnitySubsystems
[Subsystems] Discovering subsystems at path C:/Users/andal/Documents/GitHub/APUSH Final Project/Assets
GfxDevice: creating device client; threaded=0
Direct3D:
    Version:  Direct3D 11.0 [level 11.1]
    Renderer: Intel(R) Iris(R) Xe Graphics (ID=0x9a49)
    Vendor:   
    VRAM:     3957 MB
    Driver:   27.20.100.9749
Initialize mono
Mono path[0] = 'C:/Program Files/Unity/Hub/Editor/2018.4.34f1/Editor/Data/Managed'
Mono path[1] = 'C:/Program Files/Unity/Hub/Editor/2018.4.34f1/Editor/Data/MonoBleedingEdge/lib/mono/unityjit'
Mono config path = 'C:/Program Files/Unity/Hub/Editor/2018.4.34f1/Editor/Data/MonoBleedingEdge/etc'
Using monoOptions --debugger-agent=transport=dt_socket,embedding=1,server=y,suspend=n,address=127.0.0.1:56724
Begin MonoManager ReloadAssembly
Registering precompiled unity dll's ...
Register platform support module: C:/Program Files/Unity/Hub/Editor/2018.4.34f1/Editor/Data/PlaybackEngines/WindowsStandaloneSupport/UnityEditor.WindowsStandalone.Extensions.dll
Registered in 0.003348 seconds.
Native extension for WindowsStandalone target not found
Refreshing native plugins compatible for Editor in 40.04 ms, found 3 plugins.
Preloading 0 native plugins for Editor in 0.00 ms.
Mono: successfully reloaded assembly
- Completed reload, in  1.693 seconds
Platform modules already initialized, skipping
Registering precompiled user dll's ...
Registered in 0.009656 seconds.
Begin MonoManager ReloadAssembly
Native extension for WindowsStandalone target not found
Refreshing native plugins compatible for Editor in 35.79 ms, found 3 plugins.
Preloading 0 native plugins for Editor in 0.00 ms.
Mono: successfully reloaded assembly
- Completed reload, in  1.002 seconds
Platform modules already initialized, skipping
========================================================================
Worker process is ready to serve import requests
Launched and connected shader compiler UnityShaderCompiler.exe after 0.05 seconds
Refreshing native plugins compatible for Editor in 0.60 ms, found 3 plugins.
Preloading 0 native plugins for Editor in 0.00 ms.
Unloading 2094 Unused Serialized files (Serialized files now loaded: 0)
System memory in use before: 95.0 MB.
System memory in use after: 94.9 MB.

Unloading 33 unused Assets to reduce memory usage. Loaded Objects now: 2528.
Total: 3.401500 ms (FindLiveObjects: 0.369400 ms CreateObjectMapping: 0.133200 ms MarkObjects: 2.746800 ms  DeleteObjects: 0.148600 ms)

========================================================================
Received Import Request.
  path: Assets/Scenes/StartScreen.unity
  artifactKey: Guid(81ecd0c712a789945bb922ce5a818dfd) Importer(815301076,1909f56bfc062723c751e8b465ee728b)
Start importing Assets/Scenes/StartScreen.unity using Guid(81ecd0c712a789945bb922ce5a818dfd) Importer(815301076,1909f56bfc062723c751e8b465ee728b)  -> (artifact id: '1a2b60fc027f426bf6b11e256962e5a1') in 0.021733 seconds
  Import took 0.025822 seconds .

========================================================================
Received Prepare
Registering precompiled user dll's ...
Registered in 0.003124 seconds.
Begin MonoManager ReloadAssembly
Native extension for WindowsStandalone target not found
Refreshing native plugins compatible for Editor in 0.60 ms, found 3 plugins.
Preloading 0 native plugins for Editor in 0.00 ms.
Mono: successfully reloaded assembly
- Completed reload, in  1.335 seconds
Platform modules already initialized, skipping
Refreshing native plugins compatible for Editor in 1.18 ms, found 3 plugins.
Preloading 0 native plugins for Editor in 0.00 ms.
Unloading 2076 Unused Serialized files (Serialized files now loaded: 0)
System memory in use before: 93.6 MB.
System memory in use after: 93.6 MB.

Unloading 21 unused Assets to reduce memory usage. Loaded Objects now: 2532.
Total: 5.808400 ms (FindLiveObjects: 0.451200 ms CreateObjectMapping: 0.229100 ms MarkObjects: 4.838500 ms  DeleteObjects: 0.287400 ms)

========================================================================
Received Import Request.
  Time since last request: 1705.295171 seconds.
  path: Assets/Scenes/ChooseScreen.unity
  artifactKey: Guid(0f2e4839baf8e364c8623e0775d31d75) Importer(815301076,1909f56bfc062723c751e8b465ee728b)
Start importing Assets/Scenes/ChooseScreen.unity using Guid(0f2e4839baf8e364c8623e0775d31d75) Importer(815301076,1909f56bfc062723c751e8b465ee728b)  -> (artifact id: '7d9c7a7f181eac64d77b43627cab7110') in 0.245305 seconds
  Import took 0.363361 seconds .

========================================================================
Received Prepare
Registering precompiled user dll's ...
Registered in 0.005140 seconds.
Begin MonoManager ReloadAssembly
Native extension for WindowsStandalone target not found
Refreshing native plugins compatible for Editor in 0.41 ms, found 3 plugins.
Preloading 0 native plugins for Editor in 0.00 ms.
Mono: successfully reloaded assembly
- Completed reload, in  1.032 seconds
Platform modules already initialized, skipping
Refreshing native plugins compatible for Editor in 0.90 ms, found 3 plugins.
Preloading 0 native plugins for Editor in 0.00 ms.
Unloading 2076 Unused Serialized files (Serialized files now loaded: 0)
System memory in use before: 93.7 MB.
System memory in use after: 93.7 MB.

Unloading 21 unused Assets to reduce memory usage. Loaded Objects now: 2536.
Total: 2.412400 ms (FindLiveObjects: 0.144800 ms CreateObjectMapping: 0.037600 ms MarkObjects: 2.066100 ms  DeleteObjects: 0.162800 ms)

========================================================================
Received Prepare
Registering precompiled user dll's ...
Registered in 0.002896 seconds.
Begin MonoManager ReloadAssembly
Native extension for WindowsStandalone target not found
Refreshing native plugins compatible for Editor in 0.72 ms, found 3 plugins.
Preloading 0 native plugins for Editor in 0.00 ms.
Mono: successfully reloaded assembly
- Completed reload, in  0.798 seconds
Platform modules already initialized, skipping
Refreshing native plugins compatible for Editor in 1.06 ms, found 3 plugins.
Preloading 0 native plugins for Editor in 0.00 ms.
Unloading 2076 Unused Serialized files (Serialized files now loaded: 0)
System memory in use before: 93.7 MB.
System memory in use after: 93.7 MB.

Unloading 21 unused Assets to reduce memory usage. Loaded Objects now: 2540.
Total: 6.461800 ms (FindLiveObjects: 0.464000 ms CreateObjectMapping: 0.169500 ms MarkObjects: 5.393500 ms  DeleteObjects: 0.433100 ms)

========================================================================
Received Import Request.
  Time since last request: 517.169232 seconds.
  path: Assets/Scenes/Period 1.unity
  artifactKey: Guid(cd51be64995b67047b12edc18fa4c88d) Importer(815301076,1909f56bfc062723c751e8b465ee728b)
Start importing Assets/Scenes/Period 1.unity using Guid(cd51be64995b67047b12edc18fa4c88d) Importer(815301076,1909f56bfc062723c751e8b465ee728b)  -> (artifact id: '646ab536aab8eba7a77539d647040dd7') in 0.019353 seconds
  Import took 0.023065 seconds .

========================================================================
Received Prepare
Registering precompiled user dll's ...
Registered in 0.005581 seconds.
Begin MonoManager ReloadAssembly
Native extension for WindowsStandalone target not found
Refreshing native plugins compatible for Editor in 0.40 ms, found 3 plugins.
Preloading 0 native plugins for Editor in 0.00 ms.
Mono: successfully reloaded assembly
- Completed reload, in  0.845 seconds
Platform modules already initialized, skipping
Refreshing native plugins compatible for Editor in 0.39 ms, found 3 plugins.
Preloading 0 native plugins for Editor in 0.00 ms.
Unloading 2076 Unused Serialized files (Serialized files now loaded: 0)
System memory in use before: 93.7 MB.
System memory in use after: 93.7 MB.

Unloading 21 unused Assets to reduce memory usage. Loaded Objects now: 2544.
Total: 4.530300 ms (FindLiveObjects: 0.465700 ms CreateObjectMapping: 0.134200 ms MarkObjects: 3.645400 ms  DeleteObjects: 0.282200 ms)

========================================================================
Received Import Request.
  Time since last request: 351.143279 seconds.
  path: Assets/Scripts/SwitchScene.cs
  artifactKey: Guid(aa715dc77ddebc548998f0fee74d2551) Importer(815301076,1909f56bfc062723c751e8b465ee728b)
Start importing Assets/Scripts/SwitchScene.cs using Guid(aa715dc77ddebc548998f0fee74d2551) Importer(815301076,1909f56bfc062723c751e8b465ee728b)  -> (artifact id: '32ec0559d997bb9a3913c150bb5ad65f') in 0.054597 seconds
  Import took 0.057368 seconds .

========================================================================
Received Import Request.
  Time since last request: 19.910659 seconds.
  path: Assets/TextMesh Pro/Sprites
  artifactKey: Guid(d0603b6d5186471b96c778c3949c7ce2) Importer(815301076,1909f56bfc062723c751e8b465ee728b)
Start importing Assets/TextMesh Pro/Sprites using Guid(d0603b6d5186471b96c778c3949c7ce2) Importer(815301076,1909f56bfc062723c751e8b465ee728b)  -> (artifact id: 'c825b4ecabc52a724fdd8944d5209777') in 0.009950 seconds
  Import took 0.013887 seconds .

========================================================================
Received Import Request.
  Time since last request: 0.394295 seconds.
  path: Assets/TextMesh Pro/Shaders
  artifactKey: Guid(e9f693669af91aa45ad615fc681ed29f) Importer(815301076,1909f56bfc062723c751e8b465ee728b)
Start importing Assets/TextMesh Pro/Shaders using Guid(e9f693669af91aa45ad615fc681ed29f) Importer(815301076,1909f56bfc062723c751e8b465ee728b)  -> (artifact id: '486066d15e4e2d1f404625b357b63227') in 0.007057 seconds
  Import took 0.011016 seconds .

========================================================================
Received Import Request.
  Time since last request: 0.318203 seconds.
  path: Assets/TextMesh Pro/Resources
  artifactKey: Guid(243e06394e614e5d99fab26083b707fa) Importer(815301076,1909f56bfc062723c751e8b465ee728b)
Start importing Assets/TextMesh Pro/Resources using Guid(243e06394e614e5d99fab26083b707fa) Importer(815301076,1909f56bfc062723c751e8b465ee728b)  -> (artifact id: '0df7051f5b12f3f69d646d60f9166c36') in 0.009924 seconds
  Import took 0.013322 seconds .

========================================================================
Received Import Request.
  Time since last request: 0.274244 seconds.
  path: Assets/TextMesh Pro/Fonts
  artifactKey: Guid(6ab70aee4d56447429c680537fbf93ed) Importer(815301076,1909f56bfc062723c751e8b465ee728b)
Start importing Assets/TextMesh Pro/Fonts using Guid(6ab70aee4d56447429c680537fbf93ed) Importer(815301076,1909f56bfc062723c751e8b465ee728b)  -> (artifact id: 'c860dfdf0522eec1202f36843e52d436') in 0.008512 seconds
  Import took 0.011294 seconds .

========================================================================
Received Import Request.
  Time since last request: 5.813288 seconds.
  path: Assets/TextMesh Pro/Documentation
  artifactKey: Guid(8e7e8f5a82a3a134e91c54efd2274ea9) Importer(815301076,1909f56bfc062723c751e8b465ee728b)
Start importing Assets/TextMesh Pro/Documentation using Guid(8e7e8f5a82a3a134e91c54efd2274ea9) Importer(815301076,1909f56bfc062723c751e8b465ee728b)  -> (artifact id: '7f5aa99e36510f23d626084d8be9669f') in 0.007291 seconds
  Import took 0.010828 seconds .

========================================================================
Received Import Request.
  Time since last request: 11.051010 seconds.
  path: Assets/Scenes/Period 3.unity
  artifactKey: Guid(951789b9e5190994099b615fea746691) Importer(815301076,1909f56bfc062723c751e8b465ee728b)
Start importing Assets/Scenes/Period 3.unity using Guid(951789b9e5190994099b615fea746691) Importer(815301076,1909f56bfc062723c751e8b465ee728b)  -> (artifact id: '21e52231ee48c329f427e5ab72e86648') in 0.013258 seconds
  Import took 0.017485 seconds .

========================================================================
Received Import Request.
  Time since last request: 0.701132 seconds.
  path: Assets/Scenes/Period 2.unity
  artifactKey: Guid(4994f371623247b48abf8fb1abc1968c) Importer(815301076,1909f56bfc062723c751e8b465ee728b)
Start importing Assets/Scenes/Period 2.unity using Guid(4994f371623247b48abf8fb1abc1968c) Importer(815301076,1909f56bfc062723c751e8b465ee728b)  -> (artifact id: 'bccb92e66b53e3022cb8624fa4dba70f') in 0.006417 seconds
  Import took 0.009684 seconds .

========================================================================
Received Import Request.
  Time since last request: 1.495436 seconds.
  path: Assets/Scenes/ChooseScreen.unity
  artifactKey: Guid(0f2e4839baf8e364c8623e0775d31d75) Importer(815301076,1909f56bfc062723c751e8b465ee728b)
Start importing Assets/Scenes/ChooseScreen.unity using Guid(0f2e4839baf8e364c8623e0775d31d75) Importer(815301076,1909f56bfc062723c751e8b465ee728b)  -> (artifact id: '0c05b7cf696da924215afcd15ac016cf') in 0.002708 seconds
  Import took 0.009815 seconds .

